<?xml version="1.0" encoding="UTF-8"?>
<!-- Generated by org.testng.reporters.JUnitReportReporter -->
<testsuite skipped="0" hostname="Mai-Fathy" name="Automation_task_AFIT.linkedin.test.RegistrationPageTest" tests="1" failures="0" timestamp="28 Jun 2018 11:54:03 GMT" time="0.005" errors="0">
  <testcase name="f" time="0.005" classname="Automation_task_AFIT.linkedin.test.RegistrationPageTest"/>
</testsuite> <!-- Automation_task_AFIT.linkedin.test.RegistrationPageTest -->
